<?xml version="1.0" encoding="UTF-8"?>
<!-- Generated by org.testng.reporters.JUnitReportReporter -->
<testsuite hostname="TYSS-Pradyumna" failures="0" tests="1" name="testcases.DWS_SearchTC" time="9.518" errors="0" timestamp="2023-07-25T17:39:17 IST" skipped="0">
  <testcase classname="testcases.DWS_SearchTC" name="TC1" time="9.518"/>
  <system-out/>
</testsuite> <!-- testcases.DWS_SearchTC -->
